2024-05-28 13:01:12.187 [main] ERROR persistence.PersistencePostGres - Error creating connection: No suitable driver found for jdbc:mysql://localhost:3306/tour
2024-05-28 13:01:13.163 [JavaFX Application Thread] ERROR persistence.PersistencePostGres - Error creating connection: No suitable driver found for jdbc:mysql://localhost:3306/tour
2024-05-28 13:04:15.892 [JavaFX Application Thread] ERROR persistence.PersistencePostGres - Could not fetch all Tour Names from DB
java.sql.SQLSyntaxErrorException: Table 'tour.tours' doesn't exist
	at com.mysql.cj.jdbc.exceptions.SQLError.createSQLException(SQLError.java:120) ~[mysql-connector-java-8.0.28.jar:8.0.28]
	at com.mysql.cj.jdbc.exceptions.SQLExceptionsMapping.translateException(SQLExceptionsMapping.java:122) ~[mysql-connector-java-8.0.28.jar:8.0.28]
	at com.mysql.cj.jdbc.ClientPreparedStatement.executeInternal(ClientPreparedStatement.java:953) ~[mysql-connector-java-8.0.28.jar:8.0.28]
	at com.mysql.cj.jdbc.ClientPreparedStatement.executeQuery(ClientPreparedStatement.java:1009) ~[mysql-connector-java-8.0.28.jar:8.0.28]
	at persistence.PersistencePostGres.getAllToursNames(PersistencePostGres.java:248) ~[classes/:?]
	at service.ServiceImp.getAllTourNames(ServiceImp.java:93) ~[classes/:?]
	at presentation.controller.TourEntryController.initialize(TourEntryController.java:63) ~[classes/:?]
	at javafx.fxml.FXMLLoader.loadImpl(FXMLLoader.java:2655) ~[javafx-fxml-17.0.2-win.jar:?]
	at javafx.fxml.FXMLLoader.loadImpl(FXMLLoader.java:2548) ~[javafx-fxml-17.0.2-win.jar:?]
	at javafx.fxml.FXMLLoader$IncludeElement.constructValue(FXMLLoader.java:1153) ~[javafx-fxml-17.0.2-win.jar:?]
	at javafx.fxml.FXMLLoader$ValueElement.processStartElement(FXMLLoader.java:757) ~[javafx-fxml-17.0.2-win.jar:?]
	at javafx.fxml.FXMLLoader.processStartElement(FXMLLoader.java:2808) ~[javafx-fxml-17.0.2-win.jar:?]
	at javafx.fxml.FXMLLoader.loadImpl(FXMLLoader.java:2634) ~[javafx-fxml-17.0.2-win.jar:?]
	at javafx.fxml.FXMLLoader.loadImpl(FXMLLoader.java:2548) ~[javafx-fxml-17.0.2-win.jar:?]
	at javafx.fxml.FXMLLoader.load(FXMLLoader.java:2516) ~[javafx-fxml-17.0.2-win.jar:?]
	at presentation.Main.start(Main.java:24) ~[classes/:?]
	at com.sun.javafx.application.LauncherImpl.lambda$launchApplication1$9(LauncherImpl.java:847) ~[javafx-graphics-17.0.2-win.jar:?]
	at com.sun.javafx.application.PlatformImpl.lambda$runAndWait$12(PlatformImpl.java:484) ~[javafx-graphics-17.0.2-win.jar:?]
	at com.sun.javafx.application.PlatformImpl.lambda$runLater$10(PlatformImpl.java:457) ~[javafx-graphics-17.0.2-win.jar:?]
	at java.security.AccessController.doPrivileged(AccessController.java:399) ~[?:?]
	at com.sun.javafx.application.PlatformImpl.lambda$runLater$11(PlatformImpl.java:456) ~[javafx-graphics-17.0.2-win.jar:?]
	at com.sun.glass.ui.InvokeLaterDispatcher$Future.run(InvokeLaterDispatcher.java:96) ~[javafx-graphics-17.0.2-win.jar:?]
	at com.sun.glass.ui.win.WinApplication._runLoop(Native Method) ~[javafx-graphics-17.0.2-win.jar:?]
	at com.sun.glass.ui.win.WinApplication.lambda$runLoop$3(WinApplication.java:184) ~[javafx-graphics-17.0.2-win.jar:?]
	at java.lang.Thread.run(Thread.java:842) [?:?]
2024-05-28 13:04:15.995 [JavaFX Application Thread] ERROR persistence.PersistencePostGres - Could not fetch all Tours from DB
java.sql.SQLSyntaxErrorException: Table 'tour.tours' doesn't exist
	at com.mysql.cj.jdbc.exceptions.SQLError.createSQLException(SQLError.java:120) ~[mysql-connector-java-8.0.28.jar:8.0.28]
	at com.mysql.cj.jdbc.exceptions.SQLExceptionsMapping.translateException(SQLExceptionsMapping.java:122) ~[mysql-connector-java-8.0.28.jar:8.0.28]
	at com.mysql.cj.jdbc.ClientPreparedStatement.executeInternal(ClientPreparedStatement.java:953) ~[mysql-connector-java-8.0.28.jar:8.0.28]
	at com.mysql.cj.jdbc.ClientPreparedStatement.executeQuery(ClientPreparedStatement.java:1009) ~[mysql-connector-java-8.0.28.jar:8.0.28]
	at persistence.PersistencePostGres.getAllTours(PersistencePostGres.java:223) ~[classes/:?]
	at service.ServiceImp.getAllTour(ServiceImp.java:87) ~[classes/:?]
	at presentation.controller.TourListController.initialize(TourListController.java:39) ~[classes/:?]
	at javafx.fxml.FXMLLoader.loadImpl(FXMLLoader.java:2655) ~[javafx-fxml-17.0.2-win.jar:?]
	at javafx.fxml.FXMLLoader.loadImpl(FXMLLoader.java:2548) ~[javafx-fxml-17.0.2-win.jar:?]
	at javafx.fxml.FXMLLoader$IncludeElement.constructValue(FXMLLoader.java:1153) ~[javafx-fxml-17.0.2-win.jar:?]
	at javafx.fxml.FXMLLoader$ValueElement.processStartElement(FXMLLoader.java:757) ~[javafx-fxml-17.0.2-win.jar:?]
	at javafx.fxml.FXMLLoader.processStartElement(FXMLLoader.java:2808) ~[javafx-fxml-17.0.2-win.jar:?]
	at javafx.fxml.FXMLLoader.loadImpl(FXMLLoader.java:2634) ~[javafx-fxml-17.0.2-win.jar:?]
	at javafx.fxml.FXMLLoader.loadImpl(FXMLLoader.java:2548) ~[javafx-fxml-17.0.2-win.jar:?]
	at javafx.fxml.FXMLLoader.load(FXMLLoader.java:2516) ~[javafx-fxml-17.0.2-win.jar:?]
	at presentation.Main.start(Main.java:24) ~[classes/:?]
	at com.sun.javafx.application.LauncherImpl.lambda$launchApplication1$9(LauncherImpl.java:847) ~[javafx-graphics-17.0.2-win.jar:?]
	at com.sun.javafx.application.PlatformImpl.lambda$runAndWait$12(PlatformImpl.java:484) ~[javafx-graphics-17.0.2-win.jar:?]
	at com.sun.javafx.application.PlatformImpl.lambda$runLater$10(PlatformImpl.java:457) ~[javafx-graphics-17.0.2-win.jar:?]
	at java.security.AccessController.doPrivileged(AccessController.java:399) ~[?:?]
	at com.sun.javafx.application.PlatformImpl.lambda$runLater$11(PlatformImpl.java:456) ~[javafx-graphics-17.0.2-win.jar:?]
	at com.sun.glass.ui.InvokeLaterDispatcher$Future.run(InvokeLaterDispatcher.java:96) ~[javafx-graphics-17.0.2-win.jar:?]
	at com.sun.glass.ui.win.WinApplication._runLoop(Native Method) ~[javafx-graphics-17.0.2-win.jar:?]
	at com.sun.glass.ui.win.WinApplication.lambda$runLoop$3(WinApplication.java:184) ~[javafx-graphics-17.0.2-win.jar:?]
	at java.lang.Thread.run(Thread.java:842) [?:?]
2024-05-28 13:08:45.542 [JavaFX Application Thread] ERROR persistence.PersistencePostGres - Could not fetch all Tours from DB
java.sql.SQLException: Column 'from' not found.
	at com.mysql.cj.jdbc.exceptions.SQLError.createSQLException(SQLError.java:129) ~[mysql-connector-java-8.0.28.jar:8.0.28]
	at com.mysql.cj.jdbc.exceptions.SQLError.createSQLException(SQLError.java:97) ~[mysql-connector-java-8.0.28.jar:8.0.28]
	at com.mysql.cj.jdbc.exceptions.SQLError.createSQLException(SQLError.java:89) ~[mysql-connector-java-8.0.28.jar:8.0.28]
	at com.mysql.cj.jdbc.exceptions.SQLError.createSQLException(SQLError.java:63) ~[mysql-connector-java-8.0.28.jar:8.0.28]
	at com.mysql.cj.jdbc.result.ResultSetImpl.findColumn(ResultSetImpl.java:584) ~[mysql-connector-java-8.0.28.jar:8.0.28]
	at com.mysql.cj.jdbc.result.ResultSetImpl.getString(ResultSetImpl.java:896) ~[mysql-connector-java-8.0.28.jar:8.0.28]
	at persistence.PersistencePostGres.getAllTours(PersistencePostGres.java:229) ~[classes/:?]
	at service.ServiceImp.getAllTour(ServiceImp.java:87) ~[classes/:?]
	at presentation.controller.TourListController.initialize(TourListController.java:39) ~[classes/:?]
	at javafx.fxml.FXMLLoader.loadImpl(FXMLLoader.java:2655) ~[javafx-fxml-17.0.2-win.jar:?]
	at javafx.fxml.FXMLLoader.loadImpl(FXMLLoader.java:2548) ~[javafx-fxml-17.0.2-win.jar:?]
	at javafx.fxml.FXMLLoader$IncludeElement.constructValue(FXMLLoader.java:1153) ~[javafx-fxml-17.0.2-win.jar:?]
	at javafx.fxml.FXMLLoader$ValueElement.processStartElement(FXMLLoader.java:757) ~[javafx-fxml-17.0.2-win.jar:?]
	at javafx.fxml.FXMLLoader.processStartElement(FXMLLoader.java:2808) ~[javafx-fxml-17.0.2-win.jar:?]
	at javafx.fxml.FXMLLoader.loadImpl(FXMLLoader.java:2634) ~[javafx-fxml-17.0.2-win.jar:?]
	at javafx.fxml.FXMLLoader.loadImpl(FXMLLoader.java:2548) ~[javafx-fxml-17.0.2-win.jar:?]
	at javafx.fxml.FXMLLoader.load(FXMLLoader.java:2516) ~[javafx-fxml-17.0.2-win.jar:?]
	at presentation.Main.start(Main.java:24) ~[classes/:?]
	at com.sun.javafx.application.LauncherImpl.lambda$launchApplication1$9(LauncherImpl.java:847) ~[javafx-graphics-17.0.2-win.jar:?]
	at com.sun.javafx.application.PlatformImpl.lambda$runAndWait$12(PlatformImpl.java:484) ~[javafx-graphics-17.0.2-win.jar:?]
	at com.sun.javafx.application.PlatformImpl.lambda$runLater$10(PlatformImpl.java:457) ~[javafx-graphics-17.0.2-win.jar:?]
	at java.security.AccessController.doPrivileged(AccessController.java:399) ~[?:?]
	at com.sun.javafx.application.PlatformImpl.lambda$runLater$11(PlatformImpl.java:456) ~[javafx-graphics-17.0.2-win.jar:?]
	at com.sun.glass.ui.InvokeLaterDispatcher$Future.run$$$capture(InvokeLaterDispatcher.java:96) ~[javafx-graphics-17.0.2-win.jar:?]
	at com.sun.glass.ui.InvokeLaterDispatcher$Future.run(InvokeLaterDispatcher.java) ~[javafx-graphics-17.0.2-win.jar:?]
	at com.sun.glass.ui.win.WinApplication._runLoop(Native Method) ~[javafx-graphics-17.0.2-win.jar:?]
	at com.sun.glass.ui.win.WinApplication.lambda$runLoop$3(WinApplication.java:184) ~[javafx-graphics-17.0.2-win.jar:?]
	at java.lang.Thread.run(Thread.java:842) [?:?]
2024-05-28 13:10:41.897 [JavaFX Application Thread] ERROR persistence.PersistencePostGres - Could not fetch all Tours from DB
java.sql.SQLException: Column 'from' not found.
	at com.mysql.cj.jdbc.exceptions.SQLError.createSQLException(SQLError.java:129) ~[mysql-connector-java-8.0.28.jar:8.0.28]
	at com.mysql.cj.jdbc.exceptions.SQLError.createSQLException(SQLError.java:97) ~[mysql-connector-java-8.0.28.jar:8.0.28]
	at com.mysql.cj.jdbc.exceptions.SQLError.createSQLException(SQLError.java:89) ~[mysql-connector-java-8.0.28.jar:8.0.28]
	at com.mysql.cj.jdbc.exceptions.SQLError.createSQLException(SQLError.java:63) ~[mysql-connector-java-8.0.28.jar:8.0.28]
	at com.mysql.cj.jdbc.result.ResultSetImpl.findColumn(ResultSetImpl.java:584) ~[mysql-connector-java-8.0.28.jar:8.0.28]
	at com.mysql.cj.jdbc.result.ResultSetImpl.getString(ResultSetImpl.java:896) ~[mysql-connector-java-8.0.28.jar:8.0.28]
	at persistence.PersistencePostGres.getAllTours(PersistencePostGres.java:229) ~[classes/:?]
	at service.ServiceImp.getAllTour(ServiceImp.java:87) ~[classes/:?]
	at presentation.controller.TourListController.initialize(TourListController.java:39) ~[classes/:?]
	at javafx.fxml.FXMLLoader.loadImpl(FXMLLoader.java:2655) ~[javafx-fxml-17.0.2-win.jar:?]
	at javafx.fxml.FXMLLoader.loadImpl(FXMLLoader.java:2548) ~[javafx-fxml-17.0.2-win.jar:?]
	at javafx.fxml.FXMLLoader$IncludeElement.constructValue(FXMLLoader.java:1153) ~[javafx-fxml-17.0.2-win.jar:?]
	at javafx.fxml.FXMLLoader$ValueElement.processStartElement(FXMLLoader.java:757) ~[javafx-fxml-17.0.2-win.jar:?]
	at javafx.fxml.FXMLLoader.processStartElement(FXMLLoader.java:2808) ~[javafx-fxml-17.0.2-win.jar:?]
	at javafx.fxml.FXMLLoader.loadImpl(FXMLLoader.java:2634) ~[javafx-fxml-17.0.2-win.jar:?]
	at javafx.fxml.FXMLLoader.loadImpl(FXMLLoader.java:2548) ~[javafx-fxml-17.0.2-win.jar:?]
	at javafx.fxml.FXMLLoader.load(FXMLLoader.java:2516) ~[javafx-fxml-17.0.2-win.jar:?]
	at presentation.Main.start(Main.java:24) ~[classes/:?]
	at com.sun.javafx.application.LauncherImpl.lambda$launchApplication1$9(LauncherImpl.java:847) ~[javafx-graphics-17.0.2-win.jar:?]
	at com.sun.javafx.application.PlatformImpl.lambda$runAndWait$12(PlatformImpl.java:484) ~[javafx-graphics-17.0.2-win.jar:?]
	at com.sun.javafx.application.PlatformImpl.lambda$runLater$10(PlatformImpl.java:457) ~[javafx-graphics-17.0.2-win.jar:?]
	at java.security.AccessController.doPrivileged(AccessController.java:399) ~[?:?]
	at com.sun.javafx.application.PlatformImpl.lambda$runLater$11(PlatformImpl.java:456) ~[javafx-graphics-17.0.2-win.jar:?]
	at com.sun.glass.ui.InvokeLaterDispatcher$Future.run$$$capture(InvokeLaterDispatcher.java:96) ~[javafx-graphics-17.0.2-win.jar:?]
	at com.sun.glass.ui.InvokeLaterDispatcher$Future.run(InvokeLaterDispatcher.java) ~[javafx-graphics-17.0.2-win.jar:?]
	at com.sun.glass.ui.win.WinApplication._runLoop(Native Method) ~[javafx-graphics-17.0.2-win.jar:?]
	at com.sun.glass.ui.win.WinApplication.lambda$runLoop$3(WinApplication.java:184) ~[javafx-graphics-17.0.2-win.jar:?]
	at java.lang.Thread.run(Thread.java:842) [?:?]
2024-05-28 13:11:02.859 [JavaFX Application Thread] ERROR persistence.PersistencePostGres - Could not fetch all Tours from DB
java.sql.SQLException: Column 'from' not found.
	at com.mysql.cj.jdbc.exceptions.SQLError.createSQLException(SQLError.java:129) ~[mysql-connector-java-8.0.28.jar:8.0.28]
	at com.mysql.cj.jdbc.exceptions.SQLError.createSQLException(SQLError.java:97) ~[mysql-connector-java-8.0.28.jar:8.0.28]
	at com.mysql.cj.jdbc.exceptions.SQLError.createSQLException(SQLError.java:89) ~[mysql-connector-java-8.0.28.jar:8.0.28]
	at com.mysql.cj.jdbc.exceptions.SQLError.createSQLException(SQLError.java:63) ~[mysql-connector-java-8.0.28.jar:8.0.28]
	at com.mysql.cj.jdbc.result.ResultSetImpl.findColumn(ResultSetImpl.java:584) ~[mysql-connector-java-8.0.28.jar:8.0.28]
	at com.mysql.cj.jdbc.result.ResultSetImpl.getString(ResultSetImpl.java:896) ~[mysql-connector-java-8.0.28.jar:8.0.28]
	at persistence.PersistencePostGres.getAllTours(PersistencePostGres.java:229) ~[classes/:?]
	at service.ServiceImp.getAllTour(ServiceImp.java:87) ~[classes/:?]
	at presentation.controller.TourListController.initialize(TourListController.java:39) ~[classes/:?]
	at javafx.fxml.FXMLLoader.loadImpl(FXMLLoader.java:2655) ~[javafx-fxml-17.0.2-win.jar:?]
	at javafx.fxml.FXMLLoader.loadImpl(FXMLLoader.java:2548) ~[javafx-fxml-17.0.2-win.jar:?]
	at javafx.fxml.FXMLLoader$IncludeElement.constructValue(FXMLLoader.java:1153) ~[javafx-fxml-17.0.2-win.jar:?]
	at javafx.fxml.FXMLLoader$ValueElement.processStartElement(FXMLLoader.java:757) ~[javafx-fxml-17.0.2-win.jar:?]
	at javafx.fxml.FXMLLoader.processStartElement(FXMLLoader.java:2808) ~[javafx-fxml-17.0.2-win.jar:?]
	at javafx.fxml.FXMLLoader.loadImpl(FXMLLoader.java:2634) ~[javafx-fxml-17.0.2-win.jar:?]
	at javafx.fxml.FXMLLoader.loadImpl(FXMLLoader.java:2548) ~[javafx-fxml-17.0.2-win.jar:?]
	at javafx.fxml.FXMLLoader.load(FXMLLoader.java:2516) ~[javafx-fxml-17.0.2-win.jar:?]
	at presentation.Main.start(Main.java:24) ~[classes/:?]
	at com.sun.javafx.application.LauncherImpl.lambda$launchApplication1$9(LauncherImpl.java:847) ~[javafx-graphics-17.0.2-win.jar:?]
	at com.sun.javafx.application.PlatformImpl.lambda$runAndWait$12(PlatformImpl.java:484) ~[javafx-graphics-17.0.2-win.jar:?]
	at com.sun.javafx.application.PlatformImpl.lambda$runLater$10(PlatformImpl.java:457) ~[javafx-graphics-17.0.2-win.jar:?]
	at java.security.AccessController.doPrivileged(AccessController.java:399) ~[?:?]
	at com.sun.javafx.application.PlatformImpl.lambda$runLater$11(PlatformImpl.java:456) ~[javafx-graphics-17.0.2-win.jar:?]
	at com.sun.glass.ui.InvokeLaterDispatcher$Future.run$$$capture(InvokeLaterDispatcher.java:96) ~[javafx-graphics-17.0.2-win.jar:?]
	at com.sun.glass.ui.InvokeLaterDispatcher$Future.run(InvokeLaterDispatcher.java) ~[javafx-graphics-17.0.2-win.jar:?]
	at com.sun.glass.ui.win.WinApplication._runLoop(Native Method) ~[javafx-graphics-17.0.2-win.jar:?]
	at com.sun.glass.ui.win.WinApplication.lambda$runLoop$3(WinApplication.java:184) ~[javafx-graphics-17.0.2-win.jar:?]
	at java.lang.Thread.run(Thread.java:842) [?:?]
2024-05-28 13:12:04.109 [JavaFX Application Thread] ERROR persistence.PersistencePostGres - Could not fetch all Tours from DB
java.sql.SQLException: Column 'from' not found.
	at com.mysql.cj.jdbc.exceptions.SQLError.createSQLException(SQLError.java:129) ~[mysql-connector-java-8.0.28.jar:8.0.28]
	at com.mysql.cj.jdbc.exceptions.SQLError.createSQLException(SQLError.java:97) ~[mysql-connector-java-8.0.28.jar:8.0.28]
	at com.mysql.cj.jdbc.exceptions.SQLError.createSQLException(SQLError.java:89) ~[mysql-connector-java-8.0.28.jar:8.0.28]
	at com.mysql.cj.jdbc.exceptions.SQLError.createSQLException(SQLError.java:63) ~[mysql-connector-java-8.0.28.jar:8.0.28]
	at com.mysql.cj.jdbc.result.ResultSetImpl.findColumn(ResultSetImpl.java:584) ~[mysql-connector-java-8.0.28.jar:8.0.28]
	at com.mysql.cj.jdbc.result.ResultSetImpl.getString(ResultSetImpl.java:896) ~[mysql-connector-java-8.0.28.jar:8.0.28]
	at persistence.PersistencePostGres.getAllTours(PersistencePostGres.java:229) ~[classes/:?]
	at service.ServiceImp.getAllTour(ServiceImp.java:87) ~[classes/:?]
	at presentation.controller.TourListController.initialize(TourListController.java:39) ~[classes/:?]
	at javafx.fxml.FXMLLoader.loadImpl(FXMLLoader.java:2655) ~[javafx-fxml-17.0.2-win.jar:?]
	at javafx.fxml.FXMLLoader.loadImpl(FXMLLoader.java:2548) ~[javafx-fxml-17.0.2-win.jar:?]
	at javafx.fxml.FXMLLoader$IncludeElement.constructValue(FXMLLoader.java:1153) ~[javafx-fxml-17.0.2-win.jar:?]
	at javafx.fxml.FXMLLoader$ValueElement.processStartElement(FXMLLoader.java:757) ~[javafx-fxml-17.0.2-win.jar:?]
	at javafx.fxml.FXMLLoader.processStartElement(FXMLLoader.java:2808) ~[javafx-fxml-17.0.2-win.jar:?]
	at javafx.fxml.FXMLLoader.loadImpl(FXMLLoader.java:2634) ~[javafx-fxml-17.0.2-win.jar:?]
	at javafx.fxml.FXMLLoader.loadImpl(FXMLLoader.java:2548) ~[javafx-fxml-17.0.2-win.jar:?]
	at javafx.fxml.FXMLLoader.load(FXMLLoader.java:2516) ~[javafx-fxml-17.0.2-win.jar:?]
	at presentation.Main.start(Main.java:24) ~[classes/:?]
	at com.sun.javafx.application.LauncherImpl.lambda$launchApplication1$9(LauncherImpl.java:847) ~[javafx-graphics-17.0.2-win.jar:?]
	at com.sun.javafx.application.PlatformImpl.lambda$runAndWait$12(PlatformImpl.java:484) ~[javafx-graphics-17.0.2-win.jar:?]
	at com.sun.javafx.application.PlatformImpl.lambda$runLater$10(PlatformImpl.java:457) ~[javafx-graphics-17.0.2-win.jar:?]
	at java.security.AccessController.doPrivileged(AccessController.java:399) ~[?:?]
	at com.sun.javafx.application.PlatformImpl.lambda$runLater$11(PlatformImpl.java:456) ~[javafx-graphics-17.0.2-win.jar:?]
	at com.sun.glass.ui.InvokeLaterDispatcher$Future.run$$$capture(InvokeLaterDispatcher.java:96) ~[javafx-graphics-17.0.2-win.jar:?]
	at com.sun.glass.ui.InvokeLaterDispatcher$Future.run(InvokeLaterDispatcher.java) ~[javafx-graphics-17.0.2-win.jar:?]
	at com.sun.glass.ui.win.WinApplication._runLoop(Native Method) ~[javafx-graphics-17.0.2-win.jar:?]
	at com.sun.glass.ui.win.WinApplication.lambda$runLoop$3(WinApplication.java:184) ~[javafx-graphics-17.0.2-win.jar:?]
	at java.lang.Thread.run(Thread.java:842) [?:?]
2024-05-28 13:13:39.469 [JavaFX Application Thread] ERROR persistence.PersistencePostGres - Could not fetch all Tour Names from DB
java.sql.SQLSyntaxErrorException: Table 'tour.tours' doesn't exist
	at com.mysql.cj.jdbc.exceptions.SQLError.createSQLException(SQLError.java:120) ~[mysql-connector-java-8.0.28.jar:8.0.28]
	at com.mysql.cj.jdbc.exceptions.SQLExceptionsMapping.translateException(SQLExceptionsMapping.java:122) ~[mysql-connector-java-8.0.28.jar:8.0.28]
	at com.mysql.cj.jdbc.ClientPreparedStatement.executeInternal(ClientPreparedStatement.java:953) ~[mysql-connector-java-8.0.28.jar:8.0.28]
	at com.mysql.cj.jdbc.ClientPreparedStatement.executeQuery(ClientPreparedStatement.java:1009) ~[mysql-connector-java-8.0.28.jar:8.0.28]
	at persistence.PersistencePostGres.getAllToursNames(PersistencePostGres.java:248) ~[classes/:?]
	at service.ServiceImp.getAllTourNames(ServiceImp.java:93) ~[classes/:?]
	at presentation.controller.TourEntryController.initialize(TourEntryController.java:63) ~[classes/:?]
	at javafx.fxml.FXMLLoader.loadImpl(FXMLLoader.java:2655) ~[javafx-fxml-17.0.2-win.jar:?]
	at javafx.fxml.FXMLLoader.loadImpl(FXMLLoader.java:2548) ~[javafx-fxml-17.0.2-win.jar:?]
	at javafx.fxml.FXMLLoader$IncludeElement.constructValue(FXMLLoader.java:1153) ~[javafx-fxml-17.0.2-win.jar:?]
	at javafx.fxml.FXMLLoader$ValueElement.processStartElement(FXMLLoader.java:757) ~[javafx-fxml-17.0.2-win.jar:?]
	at javafx.fxml.FXMLLoader.processStartElement(FXMLLoader.java:2808) ~[javafx-fxml-17.0.2-win.jar:?]
	at javafx.fxml.FXMLLoader.loadImpl(FXMLLoader.java:2634) ~[javafx-fxml-17.0.2-win.jar:?]
	at javafx.fxml.FXMLLoader.loadImpl(FXMLLoader.java:2548) ~[javafx-fxml-17.0.2-win.jar:?]
	at javafx.fxml.FXMLLoader.load(FXMLLoader.java:2516) ~[javafx-fxml-17.0.2-win.jar:?]
	at presentation.Main.start(Main.java:24) ~[classes/:?]
	at com.sun.javafx.application.LauncherImpl.lambda$launchApplication1$9(LauncherImpl.java:847) ~[javafx-graphics-17.0.2-win.jar:?]
	at com.sun.javafx.application.PlatformImpl.lambda$runAndWait$12(PlatformImpl.java:484) ~[javafx-graphics-17.0.2-win.jar:?]
	at com.sun.javafx.application.PlatformImpl.lambda$runLater$10(PlatformImpl.java:457) ~[javafx-graphics-17.0.2-win.jar:?]
	at java.security.AccessController.doPrivileged(AccessController.java:399) ~[?:?]
	at com.sun.javafx.application.PlatformImpl.lambda$runLater$11(PlatformImpl.java:456) ~[javafx-graphics-17.0.2-win.jar:?]
	at com.sun.glass.ui.InvokeLaterDispatcher$Future.run$$$capture(InvokeLaterDispatcher.java:96) ~[javafx-graphics-17.0.2-win.jar:?]
	at com.sun.glass.ui.InvokeLaterDispatcher$Future.run(InvokeLaterDispatcher.java) ~[javafx-graphics-17.0.2-win.jar:?]
	at com.sun.glass.ui.win.WinApplication._runLoop(Native Method) ~[javafx-graphics-17.0.2-win.jar:?]
	at com.sun.glass.ui.win.WinApplication.lambda$runLoop$3(WinApplication.java:184) ~[javafx-graphics-17.0.2-win.jar:?]
	at java.lang.Thread.run(Thread.java:842) [?:?]
2024-05-28 13:13:39.583 [JavaFX Application Thread] ERROR persistence.PersistencePostGres - Could not fetch all Tours from DB
java.sql.SQLSyntaxErrorException: Table 'tour.tours' doesn't exist
	at com.mysql.cj.jdbc.exceptions.SQLError.createSQLException(SQLError.java:120) ~[mysql-connector-java-8.0.28.jar:8.0.28]
	at com.mysql.cj.jdbc.exceptions.SQLExceptionsMapping.translateException(SQLExceptionsMapping.java:122) ~[mysql-connector-java-8.0.28.jar:8.0.28]
	at com.mysql.cj.jdbc.ClientPreparedStatement.executeInternal(ClientPreparedStatement.java:953) ~[mysql-connector-java-8.0.28.jar:8.0.28]
	at com.mysql.cj.jdbc.ClientPreparedStatement.executeQuery(ClientPreparedStatement.java:1009) ~[mysql-connector-java-8.0.28.jar:8.0.28]
	at persistence.PersistencePostGres.getAllTours(PersistencePostGres.java:223) ~[classes/:?]
	at service.ServiceImp.getAllTour(ServiceImp.java:87) ~[classes/:?]
	at presentation.controller.TourListController.initialize(TourListController.java:39) ~[classes/:?]
	at javafx.fxml.FXMLLoader.loadImpl(FXMLLoader.java:2655) ~[javafx-fxml-17.0.2-win.jar:?]
	at javafx.fxml.FXMLLoader.loadImpl(FXMLLoader.java:2548) ~[javafx-fxml-17.0.2-win.jar:?]
	at javafx.fxml.FXMLLoader$IncludeElement.constructValue(FXMLLoader.java:1153) ~[javafx-fxml-17.0.2-win.jar:?]
	at javafx.fxml.FXMLLoader$ValueElement.processStartElement(FXMLLoader.java:757) ~[javafx-fxml-17.0.2-win.jar:?]
	at javafx.fxml.FXMLLoader.processStartElement(FXMLLoader.java:2808) ~[javafx-fxml-17.0.2-win.jar:?]
	at javafx.fxml.FXMLLoader.loadImpl(FXMLLoader.java:2634) ~[javafx-fxml-17.0.2-win.jar:?]
	at javafx.fxml.FXMLLoader.loadImpl(FXMLLoader.java:2548) ~[javafx-fxml-17.0.2-win.jar:?]
	at javafx.fxml.FXMLLoader.load(FXMLLoader.java:2516) ~[javafx-fxml-17.0.2-win.jar:?]
	at presentation.Main.start(Main.java:24) ~[classes/:?]
	at com.sun.javafx.application.LauncherImpl.lambda$launchApplication1$9(LauncherImpl.java:847) ~[javafx-graphics-17.0.2-win.jar:?]
	at com.sun.javafx.application.PlatformImpl.lambda$runAndWait$12(PlatformImpl.java:484) ~[javafx-graphics-17.0.2-win.jar:?]
	at com.sun.javafx.application.PlatformImpl.lambda$runLater$10(PlatformImpl.java:457) ~[javafx-graphics-17.0.2-win.jar:?]
	at java.security.AccessController.doPrivileged(AccessController.java:399) ~[?:?]
	at com.sun.javafx.application.PlatformImpl.lambda$runLater$11(PlatformImpl.java:456) ~[javafx-graphics-17.0.2-win.jar:?]
	at com.sun.glass.ui.InvokeLaterDispatcher$Future.run$$$capture(InvokeLaterDispatcher.java:96) ~[javafx-graphics-17.0.2-win.jar:?]
	at com.sun.glass.ui.InvokeLaterDispatcher$Future.run(InvokeLaterDispatcher.java) ~[javafx-graphics-17.0.2-win.jar:?]
	at com.sun.glass.ui.win.WinApplication._runLoop(Native Method) ~[javafx-graphics-17.0.2-win.jar:?]
	at com.sun.glass.ui.win.WinApplication.lambda$runLoop$3(WinApplication.java:184) ~[javafx-graphics-17.0.2-win.jar:?]
	at java.lang.Thread.run(Thread.java:842) [?:?]
2024-05-28 13:14:43.983 [JavaFX Application Thread] INFO  persistence.PersistencePostGres - Tour  is inserted in the DB
2024-05-28 13:14:43.988 [JavaFX Application Thread] INFO  presentation.model.TourEntryModel - Tour  is added (to the DB as well)
2024-05-28 13:14:44.011 [JavaFX Application Thread] INFO  presentation.model.TourItemModel - Item is added to the ListView of Tour
2024-05-28 13:14:44.043 [JavaFX Application Thread] INFO  presentation.model.TourItemModel - Item is added to the ListView of Tour
2024-05-28 13:14:45.923 [JavaFX Application Thread] INFO  presentation.model.TourItemModel - Item is added to the ListView of Tour
2024-05-28 13:14:51.968 [JavaFX Application Thread] INFO  presentation.controller.TourDetailsController - State of Tour Details is flipped
2024-05-28 13:15:22.821 [JavaFX Application Thread] INFO  presentation.controller.TourDetailsController - Update Details fron Tour
2024-05-28 13:15:23.562 [JavaFX Application Thread] ERROR service.MapQuestManager - Request route failed
2024-05-28 13:15:23.851 [JavaFX Application Thread] ERROR service.MapQuestManager - JsonObject is null
2024-05-28 13:15:23.852 [JavaFX Application Thread] ERROR service.ServiceImp - Could not save img for this Tour!
2024-05-28 13:15:23.852 [JavaFX Application Thread] INFO  presentation.controller.TourDetailsController - Input from Fields is not valid
2024-05-28 13:15:39.827 [JavaFX Application Thread] INFO  presentation.controller.TourDetailsController - Update Details fron Tour
2024-05-28 13:15:40.400 [JavaFX Application Thread] ERROR service.MapQuestManager - Request route failed
2024-05-28 13:15:40.406 [JavaFX Application Thread] ERROR service.MapQuestManager - JsonObject is null
2024-05-28 13:15:40.406 [JavaFX Application Thread] ERROR service.ServiceImp - Could not save img for this Tour!
2024-05-28 13:15:40.406 [JavaFX Application Thread] INFO  presentation.controller.TourDetailsController - Input from Fields is not valid
2024-05-28 13:16:33.720 [JavaFX Application Thread] ERROR persistence.PersistencePostGres - Could not fetch all Tours from DB
java.sql.SQLException: Column 'from' not found.
	at com.mysql.cj.jdbc.exceptions.SQLError.createSQLException(SQLError.java:129) ~[mysql-connector-java-8.0.28.jar:8.0.28]
	at com.mysql.cj.jdbc.exceptions.SQLError.createSQLException(SQLError.java:97) ~[mysql-connector-java-8.0.28.jar:8.0.28]
	at com.mysql.cj.jdbc.exceptions.SQLError.createSQLException(SQLError.java:89) ~[mysql-connector-java-8.0.28.jar:8.0.28]
	at com.mysql.cj.jdbc.exceptions.SQLError.createSQLException(SQLError.java:63) ~[mysql-connector-java-8.0.28.jar:8.0.28]
	at com.mysql.cj.jdbc.result.ResultSetImpl.findColumn(ResultSetImpl.java:584) ~[mysql-connector-java-8.0.28.jar:8.0.28]
	at com.mysql.cj.jdbc.result.ResultSetImpl.getString(ResultSetImpl.java:896) ~[mysql-connector-java-8.0.28.jar:8.0.28]
	at persistence.PersistencePostGres.getAllTours(PersistencePostGres.java:229) ~[classes/:?]
	at service.ServiceImp.getAllTour(ServiceImp.java:87) ~[classes/:?]
	at presentation.controller.TourListController.initialize(TourListController.java:39) ~[classes/:?]
	at javafx.fxml.FXMLLoader.loadImpl(FXMLLoader.java:2655) ~[javafx-fxml-17.0.2-win.jar:?]
	at javafx.fxml.FXMLLoader.loadImpl(FXMLLoader.java:2548) ~[javafx-fxml-17.0.2-win.jar:?]
	at javafx.fxml.FXMLLoader$IncludeElement.constructValue(FXMLLoader.java:1153) ~[javafx-fxml-17.0.2-win.jar:?]
	at javafx.fxml.FXMLLoader$ValueElement.processStartElement(FXMLLoader.java:757) ~[javafx-fxml-17.0.2-win.jar:?]
	at javafx.fxml.FXMLLoader.processStartElement(FXMLLoader.java:2808) ~[javafx-fxml-17.0.2-win.jar:?]
	at javafx.fxml.FXMLLoader.loadImpl(FXMLLoader.java:2634) ~[javafx-fxml-17.0.2-win.jar:?]
	at javafx.fxml.FXMLLoader.loadImpl(FXMLLoader.java:2548) ~[javafx-fxml-17.0.2-win.jar:?]
	at javafx.fxml.FXMLLoader.load(FXMLLoader.java:2516) ~[javafx-fxml-17.0.2-win.jar:?]
	at presentation.Main.start(Main.java:24) ~[classes/:?]
	at com.sun.javafx.application.LauncherImpl.lambda$launchApplication1$9(LauncherImpl.java:847) ~[javafx-graphics-17.0.2-win.jar:?]
	at com.sun.javafx.application.PlatformImpl.lambda$runAndWait$12(PlatformImpl.java:484) ~[javafx-graphics-17.0.2-win.jar:?]
	at com.sun.javafx.application.PlatformImpl.lambda$runLater$10(PlatformImpl.java:457) ~[javafx-graphics-17.0.2-win.jar:?]
	at java.security.AccessController.doPrivileged(AccessController.java:399) ~[?:?]
	at com.sun.javafx.application.PlatformImpl.lambda$runLater$11(PlatformImpl.java:456) ~[javafx-graphics-17.0.2-win.jar:?]
	at com.sun.glass.ui.InvokeLaterDispatcher$Future.run$$$capture(InvokeLaterDispatcher.java:96) ~[javafx-graphics-17.0.2-win.jar:?]
	at com.sun.glass.ui.InvokeLaterDispatcher$Future.run(InvokeLaterDispatcher.java) ~[javafx-graphics-17.0.2-win.jar:?]
	at com.sun.glass.ui.win.WinApplication._runLoop(Native Method) ~[javafx-graphics-17.0.2-win.jar:?]
	at com.sun.glass.ui.win.WinApplication.lambda$runLoop$3(WinApplication.java:184) ~[javafx-graphics-17.0.2-win.jar:?]
	at java.lang.Thread.run(Thread.java:842) [?:?]
